0 info it worked if it ends with ok
1 verbose cli [ '/usr/local/bin/node', '/usr/local/bin/npm', 'run', 'web' ]
2 info using npm@4.1.2
3 info using node@v7.7.4
4 verbose run-script [ 'preweb', 'web', 'postweb' ]
5 info lifecycle react-redux-native-boilerplate@1.0.0~preweb: react-redux-native-boilerplate@1.0.0
6 silly lifecycle react-redux-native-boilerplate@1.0.0~preweb: no script for preweb, continuing
7 info lifecycle react-redux-native-boilerplate@1.0.0~web: react-redux-native-boilerplate@1.0.0
8 verbose lifecycle react-redux-native-boilerplate@1.0.0~web: unsafe-perm in lifecycle true
9 verbose lifecycle react-redux-native-boilerplate@1.0.0~web: PATH: /usr/local/lib/node_modules/npm/bin/node-gyp-bin:/Users/chafiol/Documents/Epitech/Boilerplate/node_modules/.bin:/usr/local/cuda/bin:/Users/chafiol/.rvm/rubies/ruby-2.2.3/bin:/Users/chafiol/.rvm/rubies/ruby-3.2.1/bin:/usr/local/bin:/usr/bin:/bin:/usr/sbin:/sbin:/opt/X11/bin:/usr/local/go/bin:/Users/chafiol/.opam/system/bin:/usr/menhir/bin/:/usr/include:/usr/bin/redis-stable/src:/Users/chafiol/Library/Android/sdk/tools
10 verbose lifecycle react-redux-native-boilerplate@1.0.0~web: CWD: /Users/chafiol/Documents/Epitech/Boilerplate
11 silly lifecycle react-redux-native-boilerplate@1.0.0~web: Args: [ '-c', 'babel-node web-app/server.js' ]
12 silly lifecycle react-redux-native-boilerplate@1.0.0~web: Returned: code: 1  signal: null
13 info lifecycle react-redux-native-boilerplate@1.0.0~web: Failed to exec web script
14 verbose stack Error: react-redux-native-boilerplate@1.0.0 web: `babel-node web-app/server.js`
14 verbose stack Exit status 1
14 verbose stack     at EventEmitter.<anonymous> (/usr/local/lib/node_modules/npm/lib/utils/lifecycle.js:279:16)
14 verbose stack     at emitTwo (events.js:106:13)
14 verbose stack     at EventEmitter.emit (events.js:194:7)
14 verbose stack     at ChildProcess.<anonymous> (/usr/local/lib/node_modules/npm/lib/utils/spawn.js:40:14)
14 verbose stack     at emitTwo (events.js:106:13)
14 verbose stack     at ChildProcess.emit (events.js:194:7)
14 verbose stack     at maybeClose (internal/child_process.js:899:16)
14 verbose stack     at Process.ChildProcess._handle.onexit (internal/child_process.js:226:5)
15 verbose pkgid react-redux-native-boilerplate@1.0.0
16 verbose cwd /Users/chafiol/Documents/Epitech/Boilerplate
17 error Darwin 16.6.0
18 error argv "/usr/local/bin/node" "/usr/local/bin/npm" "run" "web"
19 error node v7.7.4
20 error npm  v4.1.2
21 error code ELIFECYCLE
22 error react-redux-native-boilerplate@1.0.0 web: `babel-node web-app/server.js`
22 error Exit status 1
23 error Failed at the react-redux-native-boilerplate@1.0.0 web script 'babel-node web-app/server.js'.
23 error Make sure you have the latest version of node.js and npm installed.
23 error If you do, this is most likely a problem with the react-redux-native-boilerplate package,
23 error not with npm itself.
23 error Tell the author that this fails on your system:
23 error     babel-node web-app/server.js
23 error You can get information on how to open an issue for this project with:
23 error     npm bugs react-redux-native-boilerplate
23 error Or if that isn't available, you can get their info via:
23 error     npm owner ls react-redux-native-boilerplate
23 error There is likely additional logging output above.
24 verbose exit [ 1, true ]
